<?xml version="1.0" encoding="UTF-8"?>
<!-- Generated by org.testng.reporters.JUnitReportReporter -->
<testsuite hostname="LAPTOP-123RLTLJ" failures="0" tests="1" name="example.NewTest" time="16.404" errors="0" timestamp="25 Mar 2018 13:50:04 GMT">
  <testcase classname="example.NewTest" name="testEasy" time="16.404"/>
</testsuite> <!-- example.NewTest -->
